# JRE version: OpenJDK Runtime Environment (23.0.2) (build 23.0.2-internal-adhoc.conda.src)
# Java VM: OpenJDK 64-Bit Server VM (23.0.2-internal-adhoc.conda.src, mixed mode, sharing, tiered, compressed oops, compressed class ptrs, serial gc, linux-amd64)
GC Precious Log:
 CardTable entry size: 512
 CPUs: 192 total, 2 available
 Memory: 1024M
 Large Page Support: Disabled
 NUMA Support: Disabled
 Compressed Oops: Enabled (32-bit)
 Heap Min Capacity: 8M
 Heap Initial Capacity: 16M
 Heap Max Capacity: 256M
 Pre-touch: Disabled
Heap:
 def new generation   total 37120K, used 12468K [0x00000000f0000000, 0x00000000f2840000, 0x00000000f5550000)
  eden space 33024K,  25% used [0x00000000f0000000, 0x00000000f082d148, 0x00000000f2040000)
  from space 4096K, 100% used [0x00000000f2040000, 0x00000000f2440000, 0x00000000f2440000)
  to   space 4096K,   0% used [0x00000000f2440000, 0x00000000f2440000, 0x00000000f2840000)
 tenured generation   total 82420K, used 60320K [0x00000000f5550000, 0x00000000fa5cd000, 0x0000000100000000)
   the space 82420K,  73% used [0x00000000f5550000, 0x00000000f9038120, 0x00000000fa5cd000)
 Metaspace       used 38563K, committed 39872K, reserved 1114112K
  class space    used 4783K, committed 5376K, reserved 1048576K
GC Heap History (20 events):
Event: 71.675 GC heap before
{Heap before GC invocations=44 (full 1):
 def new generation   total 20416K, used 19332K [0x00000000f0000000, 0x00000000f1620000, 0x00000000f5550000)
  eden space 18176K, 100% used [0x00000000f0000000, 0x00000000f11c0000, 0x00000000f11c0000)
  from space 2240K,  51% used [0x00000000f13f0000, 0x00000000f1511168, 0x00000000f1620000)
  to   space 2240K,   0% used [0x00000000f11c0000, 0x00000000f11c0000, 0x00000000f13f0000)
 tenured generation   total 45228K, used 42318K [0x00000000f5550000, 0x00000000f817b000, 0x0000000100000000)
   the space 45228K,  93% used [0x00000000f5550000, 0x00000000f7ea3aa8, 0x00000000f817b000)
 Metaspace       used 31766K, committed 32512K, reserved 1114112K
  class space    used 3844K, committed 4160K, reserved 1048576K
}
Event: 71.678 GC heap after
{Heap after GC invocations=45 (full 1):
 def new generation   total 20416K, used 1693K [0x00000000f0000000, 0x00000000f1620000, 0x00000000f5550000)
  eden space 18176K,   0% used [0x00000000f0000000, 0x00000000f0000000, 0x00000000f11c0000)
  from space 2240K,  75% used [0x00000000f11c0000, 0x00000000f13677e8, 0x00000000f13f0000)
  to   space 2240K,   0% used [0x00000000f13f0000, 0x00000000f13f0000, 0x00000000f1620000)
 tenured generation   total 45228K, used 42464K [0x00000000f5550000, 0x00000000f817b000, 0x0000000100000000)
   the space 45228K,  93% used [0x00000000f5550000, 0x00000000f7ec8208, 0x00000000f817b000)
 Metaspace       used 31766K, committed 32512K, reserved 1114112K
  class space    used 3844K, committed 4160K, reserved 1048576K
}
Event: 71.713 GC heap before
{Heap before GC invocations=45 (full 1):
 def new generation   total 20416K, used 19869K [0x00000000f0000000, 0x00000000f1620000, 0x00000000f5550000)
  eden space 18176K, 100% used [0x00000000f0000000, 0x00000000f11c0000, 0x00000000f11c0000)
  from space 2240K,  75% used [0x00000000f11c0000, 0x00000000f13677e8, 0x00000000f13f0000)
  to   space 2240K,   0% used [0x00000000f13f0000, 0x00000000f13f0000, 0x00000000f1620000)
 tenured generation   total 45228K, used 42464K [0x00000000f5550000, 0x00000000f817b000, 0x0000000100000000)
   the space 45228K,  93% used [0x00000000f5550000, 0x00000000f7ec8208, 0x00000000f817b000)
 Metaspace       used 31768K, committed 32512K, reserved 1114112K
  class space    used 3845K, committed 4160K, reserved 1048576K
}
Event: 71.714 GC heap after
{Heap after GC invocations=46 (full 1):
 def new generation   total 20416K, used 905K [0x00000000f0000000, 0x00000000f1620000, 0x00000000f5550000)
  eden space 18176K,   0% used [0x00000000f0000000, 0x00000000f0000000, 0x00000000f11c0000)
  from space 2240K,  40% used [0x00000000f13f0000, 0x00000000f14d26f8, 0x00000000f1620000)
  to   space 2240K,   0% used [0x00000000f11c0000, 0x00000000f11c0000, 0x00000000f13f0000)
 tenured generation   total 45228K, used 43175K [0x00000000f5550000, 0x00000000f817b000, 0x0000000100000000)
   the space 45228K,  95% used [0x00000000f5550000, 0x00000000f7f79f48, 0x00000000f817b000)
 Metaspace       used 31768K, committed 32512K, reserved 1114112K
  class space    used 3845K, committed 4160K, reserved 1048576K
}
Event: 71.741 GC heap before
{Heap before GC invocations=46 (full 1):
 def new generation   total 20416K, used 19081K [0x00000000f0000000, 0x00000000f1620000, 0x00000000f5550000)
  eden space 18176K, 100% used [0x00000000f0000000, 0x00000000f11c0000, 0x00000000f11c0000)
  from space 2240K,  40% used [0x00000000f13f0000, 0x00000000f14d26f8, 0x00000000f1620000)
  to   space 2240K,   0% used [0x00000000f11c0000, 0x00000000f11c0000, 0x00000000f13f0000)
 tenured generation   total 45228K, used 43175K [0x00000000f5550000, 0x00000000f817b000, 0x0000000100000000)
   the space 45228K,  95% used [0x00000000f5550000, 0x00000000f7f79f48, 0x00000000f817b000)
 Metaspace       used 31775K, committed 32512K, reserved 1114112K
  class space    used 3846K, committed 4160K, reserved 1048576K
}
Event: 71.743 GC heap after
{Heap after GC invocations=47 (full 1):
 def new generation   total 20416K, used 1067K [0x00000000f0000000, 0x00000000f1620000, 0x00000000f5550000)
  eden space 18176K,   0% used [0x00000000f0000000, 0x00000000f0000000, 0x00000000f11c0000)
  from space 2240K,  47% used [0x00000000f11c0000, 0x00000000f12caf60, 0x00000000f13f0000)
  to   space 2240K,   0% used [0x00000000f13f0000, 0x00000000f13f0000, 0x00000000f1620000)
 tenured generation   total 45228K, used 43175K [0x00000000f5550000, 0x00000000f817b000, 0x0000000100000000)
   the space 45228K,  95% used [0x00000000f5550000, 0x00000000f7f79f48, 0x00000000f817b000)
 Metaspace       used 31775K, committed 32512K, reserved 1114112K
  class space    used 3846K, committed 4160K, reserved 1048576K
}
Event: 71.838 GC heap before
{Heap before GC invocations=47 (full 1):
 def new generation   total 20416K, used 19243K [0x00000000f0000000, 0x00000000f1620000, 0x00000000f5550000)
  eden space 18176K, 100% used [0x00000000f0000000, 0x00000000f11c0000, 0x00000000f11c0000)
  from space 2240K,  47% used [0x00000000f11c0000, 0x00000000f12caf60, 0x00000000f13f0000)
  to   space 2240K,   0% used [0x00000000f13f0000, 0x00000000f13f0000, 0x00000000f1620000)
 tenured generation   total 45228K, used 43175K [0x00000000f5550000, 0x00000000f817b000, 0x0000000100000000)
   the space 45228K,  95% used [0x00000000f5550000, 0x00000000f7f79f48, 0x00000000f817b000)
 Metaspace       used 31996K, committed 32704K, reserved 1114112K
  class space    used 3878K, committed 4224K, reserved 1048576K
}
Event: 71.841 GC heap after
{Heap after GC invocations=48 (full 1):
 def new generation   total 20416K, used 2239K [0x00000000f0000000, 0x00000000f1620000, 0x00000000f5550000)
  eden space 18176K,   0% used [0x00000000f0000000, 0x00000000f0000000, 0x00000000f11c0000)
  from space 2240K,  99% used [0x00000000f13f0000, 0x00000000f161fff8, 0x00000000f1620000)
  to   space 2240K,   0% used [0x00000000f11c0000, 0x00000000f11c0000, 0x00000000f13f0000)
 tenured generation   total 45228K, used 43653K [0x00000000f5550000, 0x00000000f817b000, 0x0000000100000000)
   the space 45228K,  96% used [0x00000000f5550000, 0x00000000f7ff1490, 0x00000000f817b000)
 Metaspace       used 31996K, committed 32704K, reserved 1114112K
  class space    used 3878K, committed 4224K, reserved 1048576K
}
Event: 71.877 GC heap before
{Heap before GC invocations=48 (full 1):
 def new generation   total 20416K, used 20415K [0x00000000f0000000, 0x00000000f1620000, 0x00000000f5550000)
  eden space 18176K, 100% used [0x00000000f0000000, 0x00000000f11c0000, 0x00000000f11c0000)
  from space 2240K,  99% used [0x00000000f13f0000, 0x00000000f161fff8, 0x00000000f1620000)
  to   space 2240K,   0% used [0x00000000f11c0000, 0x00000000f11c0000, 0x00000000f13f0000)
 tenured generation   total 45228K, used 43653K [0x00000000f5550000, 0x00000000f817b000, 0x0000000100000000)
   the space 45228K,  96% used [0x00000000f5550000, 0x00000000f7ff1490, 0x00000000f817b000)
 Metaspace       used 32089K, committed 32832K, reserved 1114112K
  class space    used 3888K, committed 4224K, reserved 1048576K
}
Event: 71.882 GC heap after
{Heap after GC invocations=49 (full 1):
 def new generation   total 20416K, used 544K [0x00000000f0000000, 0x00000000f1620000, 0x00000000f5550000)
  eden space 18176K,   0% used [0x00000000f0000000, 0x00000000f0000000, 0x00000000f11c0000)
  from space 2240K,  24% used [0x00000000f11c0000, 0x00000000f1248100, 0x00000000f13f0000)
  to   space 2240K,   0% used [0x00000000f13f0000, 0x00000000f13f0000, 0x00000000f1620000)
 tenured generation   total 45612K, used 45506K [0x00000000f5550000, 0x00000000f81db000, 0x0000000100000000)
   the space 45612K,  99% used [0x00000000f5550000, 0x00000000f81c08e8, 0x00000000f81db000)
 Metaspace       used 32089K, committed 32832K, reserved 1114112K
  class space    used 3888K, committed 4224K, reserved 1048576K
}
Event: 73.248 GC heap before
{Heap before GC invocations=49 (full 1):
 def new generation   total 20416K, used 18720K [0x00000000f0000000, 0x00000000f1620000, 0x00000000f5550000)
  eden space 18176K, 100% used [0x00000000f0000000, 0x00000000f11c0000, 0x00000000f11c0000)
  from space 2240K,  24% used [0x00000000f11c0000, 0x00000000f1248100, 0x00000000f13f0000)
  to   space 2240K,   0% used [0x00000000f13f0000, 0x00000000f13f0000, 0x00000000f1620000)
 tenured generation   total 45612K, used 45506K [0x00000000f5550000, 0x00000000f81db000, 0x0000000100000000)
   the space 45612K,  99% used [0x00000000f5550000, 0x00000000f81c08e8, 0x00000000f81db000)
 Metaspace       used 32657K, committed 33472K, reserved 1114112K
  class space    used 3925K, committed 4288K, reserved 1048576K
}
Event: 73.252 GC heap after
{Heap after GC invocations=50 (full 1):
 def new generation   total 20416K, used 1979K [0x00000000f0000000, 0x00000000f1620000, 0x00000000f5550000)
  eden space 18176K,   0% used [0x00000000f0000000, 0x00000000f0000000, 0x00000000f11c0000)
  from space 2240K,  88% used [0x00000000f13f0000, 0x00000000f15defa0, 0x00000000f1620000)
  to   space 2240K,   0% used [0x00000000f11c0000, 0x00000000f11c0000, 0x00000000f13f0000)
 tenured generation   total 45612K, used 45506K [0x00000000f5550000, 0x00000000f81db000, 0x0000000100000000)
   the space 45612K,  99% used [0x00000000f5550000, 0x00000000f81c08e8, 0x00000000f81db000)
 Metaspace       used 32657K, committed 33472K, reserved 1114112K
  class space    used 3925K, committed 4288K, reserved 1048576K
}
Event: 74.922 GC heap before
{Heap before GC invocations=50 (full 1):
 def new generation   total 20416K, used 20155K [0x00000000f0000000, 0x00000000f1620000, 0x00000000f5550000)
  eden space 18176K, 100% used [0x00000000f0000000, 0x00000000f11c0000, 0x00000000f11c0000)
  from space 2240K,  88% used [0x00000000f13f0000, 0x00000000f15defa0, 0x00000000f1620000)
  to   space 2240K,   0% used [0x00000000f11c0000, 0x00000000f11c0000, 0x00000000f13f0000)
 tenured generation   total 45612K, used 45506K [0x00000000f5550000, 0x00000000f81db000, 0x0000000100000000)
   the space 45612K,  99% used [0x00000000f5550000, 0x00000000f81c08e8, 0x00000000f81db000)
 Metaspace       used 33982K, committed 35008K, reserved 1114112K
  class space    used 4106K, committed 4544K, reserved 1048576K
}
Event: 74.933 GC heap after
{Heap after GC invocations=51 (full 1):
 def new generation   total 20416K, used 2240K [0x00000000f0000000, 0x00000000f1620000, 0x00000000f5550000)
  eden space 18176K,   0% used [0x00000000f0000000, 0x00000000f0000000, 0x00000000f11c0000)
  from space 2240K, 100% used [0x00000000f11c0000, 0x00000000f13f0000, 0x00000000f13f0000)
  to   space 2240K,   0% used [0x00000000f13f0000, 0x00000000f13f0000, 0x00000000f1620000)
 tenured generation   total 49452K, used 49297K [0x00000000f5550000, 0x00000000f859b000, 0x0000000100000000)
   the space 49452K,  99% used [0x00000000f5550000, 0x00000000f85744b8, 0x00000000f859b000)
 Metaspace       used 33982K, committed 35008K, reserved 1114112K
  class space    used 4106K, committed 4544K, reserved 1048576K
}
Event: 75.116 GC heap before
{Heap before GC invocations=51 (full 1):
 def new generation   total 20416K, used 16941K [0x00000000f0000000, 0x00000000f1620000, 0x00000000f5550000)
  eden space 18176K,  80% used [0x00000000f0000000, 0x00000000f0e5b5f8, 0x00000000f11c0000)
  from space 2240K, 100% used [0x00000000f11c0000, 0x00000000f13f0000, 0x00000000f13f0000)
  to   space 2240K,   0% used [0x00000000f13f0000, 0x00000000f13f0000, 0x00000000f1620000)
 tenured generation   total 49452K, used 49297K [0x00000000f5550000, 0x00000000f859b000, 0x0000000100000000)
   the space 49452K,  99% used [0x00000000f5550000, 0x00000000f85744b8, 0x00000000f859b000)
 Metaspace       used 34814K, committed 35840K, reserved 1114112K
  class space    used 4252K, committed 4736K, reserved 1048576K
}
Event: 75.213 GC heap after
{Heap after GC invocations=52 (full 2):
 def new generation   total 37120K, used 2349K [0x00000000f0000000, 0x00000000f2840000, 0x00000000f5550000)
  eden space 33024K,   7% used [0x00000000f0000000, 0x00000000f024b438, 0x00000000f2040000)
  from space 4096K,   0% used [0x00000000f2040000, 0x00000000f2040000, 0x00000000f2440000)
  to   space 4096K,   0% used [0x00000000f2440000, 0x00000000f2440000, 0x00000000f2840000)
 tenured generation   total 82420K, used 49451K [0x00000000f5550000, 0x00000000fa5cd000, 0x0000000100000000)
   the space 82420K,  59% used [0x00000000f5550000, 0x00000000f859afe0, 0x00000000fa5cd000)
 Metaspace       used 34814K, committed 35840K, reserved 1114112K
  class space    used 4252K, committed 4736K, reserved 1048576K
}
Event: 76.999 GC heap before
{Heap before GC invocations=52 (full 2):
 def new generation   total 37120K, used 33024K [0x00000000f0000000, 0x00000000f2840000, 0x00000000f5550000)
  eden space 33024K, 100% used [0x00000000f0000000, 0x00000000f2040000, 0x00000000f2040000)
  from space 4096K,   0% used [0x00000000f2040000, 0x00000000f2040000, 0x00000000f2440000)
  to   space 4096K,   0% used [0x00000000f2440000, 0x00000000f2440000, 0x00000000f2840000)
 tenured generation   total 82420K, used 49451K [0x00000000f5550000, 0x00000000fa5cd000, 0x0000000100000000)
   the space 82420K,  59% used [0x00000000f5550000, 0x00000000f859afe0, 0x00000000fa5cd000)
 Metaspace       used 36306K, committed 37568K, reserved 1114112K
  class space    used 4483K, committed 5056K, reserved 1048576K
}
Event: 77.043 GC heap after
{Heap after GC invocations=53 (full 2):
 def new generation   total 37120K, used 4096K [0x00000000f0000000, 0x00000000f2840000, 0x00000000f5550000)
  eden space 33024K,   0% used [0x00000000f0000000, 0x00000000f0000000, 0x00000000f2040000)
  from space 4096K, 100% used [0x00000000f2440000, 0x00000000f2840000, 0x00000000f2840000)
  to   space 4096K,   0% used [0x00000000f2040000, 0x00000000f2040000, 0x00000000f2440000)
 tenured generation   total 82420K, used 53381K [0x00000000f5550000, 0x00000000fa5cd000, 0x0000000100000000)
   the space 82420K,  64% used [0x00000000f5550000, 0x00000000f8971610, 0x00000000fa5cd000)
 Metaspace       used 36306K, committed 37568K, reserved 1114112K
  class space    used 4483K, committed 5056K, reserved 1048576K
}
Event: 145.687 GC heap before
{Heap before GC invocations=53 (full 2):
 def new generation   total 37120K, used 37120K [0x00000000f0000000, 0x00000000f2840000, 0x00000000f5550000)
  eden space 33024K, 100% used [0x00000000f0000000, 0x00000000f2040000, 0x00000000f2040000)
  from space 4096K, 100% used [0x00000000f2440000, 0x00000000f2840000, 0x00000000f2840000)
  to   space 4096K,   0% used [0x00000000f2040000, 0x00000000f2040000, 0x00000000f2440000)
 tenured generation   total 82420K, used 53381K [0x00000000f5550000, 0x00000000fa5cd000, 0x0000000100000000)
   the space 82420K,  64% used [0x00000000f5550000, 0x00000000f8971610, 0x00000000fa5cd000)
 Metaspace       used 37974K, committed 39296K, reserved 1114112K
  class space    used 4708K, committed 5312K, reserved 1048576K
}
Event: 145.710 GC heap after
{Heap after GC invocations=54 (full 2):
 def new generation   total 37120K, used 4096K [0x00000000f0000000, 0x00000000f2840000, 0x00000000f5550000)
  eden space 33024K,   0% used [0x00000000f0000000, 0x00000000f0000000, 0x00000000f2040000)
  from space 4096K, 100% used [0x00000000f2040000, 0x00000000f2440000, 0x00000000f2440000)
  to   space 4096K,   0% used [0x00000000f2440000, 0x00000000f2440000, 0x00000000f2840000)
 tenured generation   total 82420K, used 60320K [0x00000000f5550000, 0x00000000fa5cd000, 0x0000000100000000)
   the space 82420K,  73% used [0x00000000f5550000, 0x00000000f9038120, 0x00000000fa5cd000)
 Metaspace       used 37974K, committed 39296K, reserved 1114112K
  class space    used 4708K, committed 5312K, reserved 1048576K
}

